[0m[[0m[0mdebug[0m] [0m[0m> Exec(;Test/compile; collectAnalyses, None, Some(CommandSource(network-2)))[0m
[0m[[0m[0mdebug[0m] [0m[0mjsonRpcNotify: JsonRpcNotificationMessage(2.0, build/logMessage, {"type":4,"message":"Processing"})[0m
[0m[[0m[0mdebug[0m] [0m[0mjsonRpcNotify: JsonRpcNotificationMessage(2.0, build/logMessage, {"type":4,"message":"Done"})[0m
[0m[[0m[0mdebug[0m] [0m[0m> Exec(Test/compile, None, Some(CommandSource(network-2)))[0m
[0m[[0m[0mdebug[0m] [0m[0mjsonRpcNotify: JsonRpcNotificationMessage(2.0, build/logMessage, {"type":4,"message":"Processing"})[0m
[0m[[0m[0mdebug[0m] [0m[0mEvaluating tasks: Test / compile[0m
[0m[[0m[0mdebug[0m] [0m[0mRunning task... Cancel: Signal, check cycles: false, forcegc: true[0m
[0m[[0m[0mdebug[0m] [0m[0mjsonRpcNotify: JsonRpcNotificationMessage(2.0, build/taskStart, {"taskId":{"id":"64","parents":[]},"eventTime":1635160047177,"message":"Compiling root","dataKind":"compile-task","data":{"target":{"uri":"file:/home/phonerebelx/scala-chisel-learning-journey/#root/Compile"}}})[0m
[0m[[0m[0minfo[0m] [0m[0mcompiling 1 Scala source to /home/phonerebelx/scala-chisel-learning-journey/target/scala-2.12/classes ...[0m
[0m[[0m[0mdebug[0m] [0m[0mjsonRpcNotify: JsonRpcNotificationMessage(2.0, build/logMessage, {"type":3,"message":"compiling 1 Scala source to /home/phonerebelx/scala-chisel-learning-journey/target/scala-2.12/classes ..."})[0m
[0m[[0m[0mdebug[0m] [0m[0mjsonRpcNotify: JsonRpcNotificationMessage(2.0, build/publishDiagnostics, {"textDocument":{"uri":"file:///home/phonerebelx/scala-chisel-learning-journey/src/main/scala/practice/And.scala"},"buildTarget":{"uri":"file:/home/phonerebelx/scala-chisel-learning-journey/#root/Compile"},"diagnostics":[{"range":{"start":{"line":28,"character":0},"end":{"line":28,"character":1}},"severity":1,"source":"sbt","message":"Missing closing brace `}' assumed here"}],"reset":false})[0m
[0m[[0m[31merror[0m] [0m[0m/home/phonerebelx/scala-chisel-learning-journey/src/main/scala/practice/And.scala:29:1: Missing closing brace `}' assumed here[0m
[0m[[0m[31merror[0m] [0m[0mval io = IO (new ALUIO )[0m
[0m[[0m[31merror[0m] [0m[0m^[0m
[0m[[0m[0mdebug[0m] [0m[0mjsonRpcNotify: JsonRpcNotificationMessage(2.0, build/logMessage, {"type":1,"message":"/home/phonerebelx/scala-chisel-learning-journey/src/main/scala/practice/And.scala:29:1: Missing closing brace `}' assumed here"})[0m
[0m[[0m[0mdebug[0m] [0m[0mjsonRpcNotify: JsonRpcNotificationMessage(2.0, build/logMessage, {"type":1,"message":"val io = IO (new ALUIO )"})[0m
[0m[[0m[0mdebug[0m] [0m[0mjsonRpcNotify: JsonRpcNotificationMessage(2.0, build/logMessage, {"type":1,"message":"^"})[0m
[0m[[0m[0mdebug[0m] [0m[0mjsonRpcNotify: JsonRpcNotificationMessage(2.0, build/publishDiagnostics, {"textDocument":{"uri":"file:///home/phonerebelx/scala-chisel-learning-journey/src/main/scala/practice/And.scala"},"buildTarget":{"uri":"file:/home/phonerebelx/scala-chisel-learning-journey/#root/Compile"},"diagnostics":[{"range":{"start":{"line":29,"character":0},"end":{"line":29,"character":1}},"severity":1,"source":"sbt","message":"expected class or object definition"}],"reset":false})[0m
[0m[[0m[31merror[0m] [0m[0m/home/phonerebelx/scala-chisel-learning-journey/src/main/scala/practice/And.scala:30:1: expected class or object definition[0m
[0m[[0m[31merror[0m] [0m[0mval const = 0.U [0m
[0m[[0m[31merror[0m] [0m[0m^[0m
[0m[[0m[0mdebug[0m] [0m[0mjsonRpcNotify: JsonRpcNotificationMessage(2.0, build/logMessage, {"type":1,"message":"/home/phonerebelx/scala-chisel-learning-journey/src/main/scala/practice/And.scala:30:1: expected class or object definition"})[0m
[0m[[0m[0mdebug[0m] [0m[0mjsonRpcNotify: JsonRpcNotificationMessage(2.0, build/logMessage, {"type":1,"message":"val const = 0.U "})[0m
[0m[[0m[0mdebug[0m] [0m[0mjsonRpcNotify: JsonRpcNotificationMessage(2.0, build/logMessage, {"type":1,"message":"^"})[0m
[0m[[0m[0mdebug[0m] [0m[0mjsonRpcNotify: JsonRpcNotificationMessage(2.0, build/publishDiagnostics, {"textDocument":{"uri":"file:///home/phonerebelx/scala-chisel-learning-journey/src/main/scala/practice/And.scala"},"buildTarget":{"uri":"file:/home/phonerebelx/scala-chisel-learning-journey/#root/Compile"},"diagnostics":[{"range":{"start":{"line":30,"character":0},"end":{"line":30,"character":1}},"severity":1,"source":"sbt","message":"expected class or object definition"}],"reset":false})[0m
[0m[[0m[31merror[0m] [0m[0m/home/phonerebelx/scala-chisel-learning-journey/src/main/scala/practice/And.scala:31:1: expected class or object definition[0m
[0m[[0m[31merror[0m] [0m[0mval i_20_31 = io.extender(31,20)[0m
[0m[[0m[31merror[0m] [0m[0m^[0m
[0m[[0m[0mdebug[0m] [0m[0mjsonRpcNotify: JsonRpcNotificationMessage(2.0, build/logMessage, {"type":1,"message":"/home/phonerebelx/scala-chisel-learning-journey/src/main/scala/practice/And.scala:31:1: expected class or object definition"})[0m
[0m[[0m[0mdebug[0m] [0m[0mjsonRpcNotify: JsonRpcNotificationMessage(2.0, build/logMessage, {"type":1,"message":"val i_20_31 = io.extender(31,20)"})[0m
[0m[[0m[0mdebug[0m] [0m[0mjsonRpcNotify: JsonRpcNotificationMessage(2.0, build/logMessage, {"type":1,"message":"^"})[0m
[0m[[0m[0mdebug[0m] [0m[0mjsonRpcNotify: JsonRpcNotificationMessage(2.0, build/publishDiagnostics, {"textDocument":{"uri":"file:///home/phonerebelx/scala-chisel-learning-journey/src/main/scala/practice/And.scala"},"buildTarget":{"uri":"file:/home/phonerebelx/scala-chisel-learning-journey/#root/Compile"},"diagnostics":[{"range":{"start":{"line":31,"character":0},"end":{"line":31,"character":1}},"severity":1,"source":"sbt","message":"expected class or object definition"}],"reset":false})[0m
[0m[[0m[31merror[0m] [0m[0m/home/phonerebelx/scala-chisel-learning-journey/src/main/scala/practice/And.scala:32:1: expected class or object definition[0m
[0m[[0m[31merror[0m] [0m[0mval s_7_11 = io.extender(11,7)[0m
[0m[[0m[31merror[0m] [0m[0m^[0m
[0m[[0m[0mdebug[0m] [0m[0mjsonRpcNotify: JsonRpcNotificationMessage(2.0, build/logMessage, {"type":1,"message":"/home/phonerebelx/scala-chisel-learning-journey/src/main/scala/practice/And.scala:32:1: expected class or object definition"})[0m
[0m[[0m[0mdebug[0m] [0m[0mjsonRpcNotify: JsonRpcNotificationMessage(2.0, build/logMessage, {"type":1,"message":"val s_7_11 = io.extender(11,7)"})[0m
[0m[[0m[0mdebug[0m] [0m[0mjsonRpcNotify: JsonRpcNotificationMessage(2.0, build/logMessage, {"type":1,"message":"^"})[0m
[0m[[0m[0mdebug[0m] [0m[0mjsonRpcNotify: JsonRpcNotificationMessage(2.0, build/publishDiagnostics, {"textDocument":{"uri":"file:///home/phonerebelx/scala-chisel-learning-journey/src/main/scala/practice/And.scala"},"buildTarget":{"uri":"file:/home/phonerebelx/scala-chisel-learning-journey/#root/Compile"},"diagnostics":[{"range":{"start":{"line":32,"character":0},"end":{"line":32,"character":1}},"severity":1,"source":"sbt","message":"expected class or object definition"}],"reset":false})[0m
[0m[[0m[31merror[0m] [0m[0m/home/phonerebelx/scala-chisel-learning-journey/src/main/scala/practice/And.scala:33:1: expected class or object definition[0m
[0m[[0m[31merror[0m] [0m[0mval s_25_31 = io.extender(31,25)[0m
[0m[[0m[31merror[0m] [0m[0m^[0m
[0m[[0m[0mdebug[0m] [0m[0mjsonRpcNotify: JsonRpcNotificationMessage(2.0, build/logMessage, {"type":1,"message":"/home/phonerebelx/scala-chisel-learning-journey/src/main/scala/practice/And.scala:33:1: expected class or object definition"})[0m
[0m[[0m[0mdebug[0m] [0m[0mjsonRpcNotify: JsonRpcNotificationMessage(2.0, build/logMessage, {"type":1,"message":"val s_25_31 = io.extender(31,25)"})[0m
[0m[[0m[0mdebug[0m] [0m[0mjsonRpcNotify: JsonRpcNotificationMessage(2.0, build/logMessage, {"type":1,"message":"^"})[0m
[0m[[0m[0mdebug[0m] [0m[0mjsonRpcNotify: JsonRpcNotificationMessage(2.0, build/publishDiagnostics, {"textDocument":{"uri":"file:///home/phonerebelx/scala-chisel-learning-journey/src/main/scala/practice/And.scala"},"buildTarget":{"uri":"file:/home/phonerebelx/scala-chisel-learning-journey/#root/Compile"},"diagnostics":[{"range":{"start":{"line":33,"character":0},"end":{"line":33,"character":1}},"severity":1,"source":"sbt","message":"expected class or object definition"}],"reset":false})[0m
[0m[[0m[31merror[0m] [0m[0m/home/phonerebelx/scala-chisel-learning-journey/src/main/scala/practice/And.scala:34:1: expected class or object definition[0m
[0m[[0m[31merror[0m] [0m[0mval br11 = io.extender(7)[0m
[0m[[0m[31merror[0m] [0m[0m^[0m
[0m[[0m[0mdebug[0m] [0m[0mjsonRpcNotify: JsonRpcNotificationMessage(2.0, build/logMessage, {"type":1,"message":"/home/phonerebelx/scala-chisel-learning-journey/src/main/scala/practice/And.scala:34:1: expected class or object definition"})[0m
[0m[[0m[0mdebug[0m] [0m[0mjsonRpcNotify: JsonRpcNotificationMessage(2.0, build/logMessage, {"type":1,"message":"val br11 = io.extender(7)"})[0m
[0m[[0m[0mdebug[0m] [0m[0mjsonRpcNotify: JsonRpcNotificationMessage(2.0, build/logMessage, {"type":1,"message":"^"})[0m
[0m[[0m[0mdebug[0m] [0m[0mjsonRpcNotify: JsonRpcNotificationMessage(2.0, build/publishDiagnostics, {"textDocument":{"uri":"file:///home/phonerebelx/scala-chisel-learning-journey/src/main/scala/practice/And.scala"},"buildTarget":{"uri":"file:/home/phonerebelx/scala-chisel-learning-journey/#root/Compile"},"diagnostics":[{"range":{"start":{"line":34,"character":0},"end":{"line":34,"character":1}},"severity":1,"source":"sbt","message":"expected class or object definition"}],"reset":false})[0m
[0m[[0m[31merror[0m] [0m[0m/home/phonerebelx/scala-chisel-learning-journey/src/main/scala/practice/And.scala:35:1: expected class or object definition[0m
[0m[[0m[31merror[0m] [0m[0mval br8_11 = io.extender(11,8)[0m
[0m[[0m[31merror[0m] [0m[0m^[0m
[0m[[0m[0mdebug[0m] [0m[0mjsonRpcNotify: JsonRpcNotificationMessage(2.0, build/logMessage, {"type":1,"message":"/home/phonerebelx/scala-chisel-learning-journey/src/main/scala/practice/And.scala:35:1: expected class or object definition"})[0m
[0m[[0m[0mdebug[0m] [0m[0mjsonRpcNotify: JsonRpcNotificationMessage(2.0, build/logMessage, {"type":1,"message":"val br8_11 = io.extender(11,8)"})[0m
[0m[[0m[0mdebug[0m] [0m[0mjsonRpcNotify: JsonRpcNotificationMessage(2.0, build/logMessage, {"type":1,"message":"^"})[0m
[0m[[0m[0mdebug[0m] [0m[0mjsonRpcNotify: JsonRpcNotificationMessage(2.0, build/publishDiagnostics, {"textDocument":{"uri":"file:///home/phonerebelx/scala-chisel-learning-journey/src/main/scala/practice/And.scala"},"buildTarget":{"uri":"file:/home/phonerebelx/scala-chisel-learning-journey/#root/Compile"},"diagnostics":[{"range":{"start":{"line":35,"character":0},"end":{"line":35,"character":1}},"severity":1,"source":"sbt","message":"expected class or object definition"}],"reset":false})[0m
[0m[[0m[31merror[0m] [0m[0m/home/phonerebelx/scala-chisel-learning-journey/src/main/scala/practice/And.scala:36:1: expected class or object definition[0m
[0m[[0m[31merror[0m] [0m[0mval br25_30 = io.extender(30,25)[0m
[0m[[0m[31merror[0m] [0m[0m^[0m
[0m[[0m[0mdebug[0m] [0m[0mjsonRpcNotify: JsonRpcNotificationMessage(2.0, build/logMessage, {"type":1,"message":"/home/phonerebelx/scala-chisel-learning-journey/src/main/scala/practice/And.scala:36:1: expected class or object definition"})[0m
[0m[[0m[0mdebug[0m] [0m[0mjsonRpcNotify: JsonRpcNotificationMessage(2.0, build/logMessage, {"type":1,"message":"val br25_30 = io.extender(30,25)"})[0m
[0m[[0m[0mdebug[0m] [0m[0mjsonRpcNotify: JsonRpcNotificationMessage(2.0, build/logMessage, {"type":1,"message":"^"})[0m
[0m[[0m[0mdebug[0m] [0m[0mjsonRpcNotify: JsonRpcNotificationMessage(2.0, build/publishDiagnostics, {"textDocument":{"uri":"file:///home/phonerebelx/scala-chisel-learning-journey/src/main/scala/practice/And.scala"},"buildTarget":{"uri":"file:/home/phonerebelx/scala-chisel-learning-journey/#root/Compile"},"diagnostics":[{"range":{"start":{"line":36,"character":0},"end":{"line":36,"character":1}},"severity":1,"source":"sbt","message":"expected class or object definition"}],"reset":false})[0m
[0m[[0m[31merror[0m] [0m[0m/home/phonerebelx/scala-chisel-learning-journey/src/main/scala/practice/And.scala:37:1: expected class or object definition[0m
[0m[[0m[31merror[0m] [0m[0mval br31 = io.extender(31)[0m
[0m[[0m[31merror[0m] [0m[0m^[0m
[0m[[0m[0mdebug[0m] [0m[0mjsonRpcNotify: JsonRpcNotificationMessage(2.0, build/logMessage, {"type":1,"message":"/home/phonerebelx/scala-chisel-learning-journey/src/main/scala/practice/And.scala:37:1: expected class or object definition"})[0m
[0m[[0m[0mdebug[0m] [0m[0mjsonRpcNotify: JsonRpcNotificationMessage(2.0, build/logMessage, {"type":1,"message":"val br31 = io.extender(31)"})[0m
[0m[[0m[0mdebug[0m] [0m[0mjsonRpcNotify: JsonRpcNotificationMessage(2.0, build/logMessage, {"type":1,"message":"^"})[0m
[0m[[0m[0mdebug[0m] [0m[0mjsonRpcNotify: JsonRpcNotificationMessage(2.0, build/publishDiagnostics, {"textDocument":{"uri":"file:///home/phonerebelx/scala-chisel-learning-journey/src/main/scala/practice/And.scala"},"buildTarget":{"uri":"file:/home/phonerebelx/scala-chisel-learning-journey/#root/Compile"},"diagnostics":[{"range":{"start":{"line":37,"character":0},"end":{"line":37,"character":1}},"severity":1,"source":"sbt","message":"expected class or object definition"}],"reset":false})[0m
[0m[[0m[31merror[0m] [0m[0m/home/phonerebelx/scala-chisel-learning-journey/src/main/scala/practice/And.scala:38:1: expected class or object definition[0m
[0m[[0m[31merror[0m] [0m[0mval ex_1 = "b1111111111111111111".U[0m
[0m[[0m[31merror[0m] [0m[0m^[0m
[0m[[0m[0mdebug[0m] [0m[0mjsonRpcNotify: JsonRpcNotificationMessage(2.0, build/logMessage, {"type":1,"message":"/home/phonerebelx/scala-chisel-learning-journey/src/main/scala/practice/And.scala:38:1: expected class or object definition"})[0m
[0m[[0m[0mdebug[0m] [0m[0mjsonRpcNotify: JsonRpcNotificationMessage(2.0, build/logMessage, {"type":1,"message":"val ex_1 = \"b1111111111111111111\".U"})[0m
[0m[[0m[0mdebug[0m] [0m[0mjsonRpcNotify: JsonRpcNotificationMessage(2.0, build/logMessage, {"type":1,"message":"^"})[0m
[0m[[0m[0mdebug[0m] [0m[0mjsonRpcNotify: JsonRpcNotificationMessage(2.0, build/publishDiagnostics, {"textDocument":{"uri":"file:///home/phonerebelx/scala-chisel-learning-journey/src/main/scala/practice/And.scala"},"buildTarget":{"uri":"file:/home/phonerebelx/scala-chisel-learning-journey/#root/Compile"},"diagnostics":[{"range":{"start":{"line":38,"character":0},"end":{"line":38,"character":1}},"severity":1,"source":"sbt","message":"expected class or object definition"}],"reset":false})[0m
[0m[[0m[31merror[0m] [0m[0m/home/phonerebelx/scala-chisel-learning-journey/src/main/scala/practice/And.scala:39:1: expected class or object definition[0m
[0m[[0m[31merror[0m] [0m[0mval ex_0 = "b0000000000000000000".U[0m
[0m[[0m[31merror[0m] [0m[0m^[0m
[0m[[0m[0mdebug[0m] [0m[0mjsonRpcNotify: JsonRpcNotificationMessage(2.0, build/logMessage, {"type":1,"message":"/home/phonerebelx/scala-chisel-learning-journey/src/main/scala/practice/And.scala:39:1: expected class or object definition"})[0m
[0m[[0m[0mdebug[0m] [0m[0mjsonRpcNotify: JsonRpcNotificationMessage(2.0, build/logMessage, {"type":1,"message":"val ex_0 = \"b0000000000000000000\".U"})[0m
[0m[[0m[0mdebug[0m] [0m[0mjsonRpcNotify: JsonRpcNotificationMessage(2.0, build/logMessage, {"type":1,"message":"^"})[0m
[0m[[0m[0mdebug[0m] [0m[0mjsonRpcNotify: JsonRpcNotificationMessage(2.0, build/publishDiagnostics, {"textDocument":{"uri":"file:///home/phonerebelx/scala-chisel-learning-journey/src/main/scala/practice/And.scala"},"buildTarget":{"uri":"file:/home/phonerebelx/scala-chisel-learning-journey/#root/Compile"},"diagnostics":[{"range":{"start":{"line":39,"character":0},"end":{"line":39,"character":1}},"severity":1,"source":"sbt","message":"expected class or object definition"}],"reset":false})[0m
[0m[[0m[31merror[0m] [0m[0m/home/phonerebelx/scala-chisel-learning-journey/src/main/scala/practice/And.scala:40:1: expected class or object definition[0m
[0m[[0m[31merror[0m] [0m[0mval func = io.opcode[0m
[0m[[0m[31merror[0m] [0m[0m^[0m
[0m[[0m[0mdebug[0m] [0m[0mjsonRpcNotify: JsonRpcNotificationMessage(2.0, build/logMessage, {"type":1,"message":"/home/phonerebelx/scala-chisel-learning-journey/src/main/scala/practice/And.scala:40:1: expected class or object definition"})[0m
[0m[[0m[0mdebug[0m] [0m[0mjsonRpcNotify: JsonRpcNotificationMessage(2.0, build/logMessage, {"type":1,"message":"val func = io.opcode"})[0m
[0m[[0m[0mdebug[0m] [0m[0mjsonRpcNotify: JsonRpcNotificationMessage(2.0, build/logMessage, {"type":1,"message":"^"})[0m
[0m[[0m[0mdebug[0m] [0m[0mjsonRpcNotify: JsonRpcNotificationMessage(2.0, build/publishDiagnostics, {"textDocument":{"uri":"file:///home/phonerebelx/scala-chisel-learning-journey/src/main/scala/practice/And.scala"},"buildTarget":{"uri":"file:/home/phonerebelx/scala-chisel-learning-journey/#root/Compile"},"diagnostics":[{"range":{"start":{"line":42,"character":0},"end":{"line":42,"character":1}},"severity":1,"source":"sbt","message":"expected class or object definition"}],"reset":false})[0m
[0m[[0m[31merror[0m] [0m[0m/home/phonerebelx/scala-chisel-learning-journey/src/main/scala/practice/And.scala:43:1: expected class or object definition[0m
[0m[[0m[31merror[0m] [0m[0mio.out1 := Cat(br11,const)  //2[0m
[0m[[0m[31merror[0m] [0m[0m^[0m
[0m[[0m[0mdebug[0m] [0m[0mjsonRpcNotify: JsonRpcNotificationMessage(2.0, build/logMessage, {"type":1,"message":"/home/phonerebelx/scala-chisel-learning-journey/src/main/scala/practice/And.scala:43:1: expected class or object definition"})[0m
[0m[[0m[0mdebug[0m] [0m[0mjsonRpcNotify: JsonRpcNotificationMessage(2.0, build/logMessage, {"type":1,"message":"io.out1 := Cat(br11,const)  //2"})[0m
[0m[[0m[0mdebug[0m] [0m[0mjsonRpcNotify: JsonRpcNotificationMessage(2.0, build/logMessage, {"type":1,"message":"^"})[0m
[0m[[0m[0mdebug[0m] [0m[0mjsonRpcNotify: JsonRpcNotificationMessage(2.0, build/publishDiagnostics, {"textDocument":{"uri":"file:///home/phonerebelx/scala-chisel-learning-journey/src/main/scala/practice/And.scala"},"buildTarget":{"uri":"file:/home/phonerebelx/scala-chisel-learning-journey/#root/Compile"},"diagnostics":[{"range":{"start":{"line":43,"character":0},"end":{"line":43,"character":1}},"severity":1,"source":"sbt","message":"expected class or object definition"}],"reset":false})[0m
[0m[[0m[31merror[0m] [0m[0m/home/phonerebelx/scala-chisel-learning-journey/src/main/scala/practice/And.scala:44:1: expected class or object definition[0m
[0m[[0m[31merror[0m] [0m[0mio.out2 := Cat(br8_11,io.out1) //6[0m
[0m[[0m[31merror[0m] [0m[0m^[0m
[0m[[0m[0mdebug[0m] [0m[0mjsonRpcNotify: JsonRpcNotificationMessage(2.0, build/logMessage, {"type":1,"message":"/home/phonerebelx/scala-chisel-learning-journey/src/main/scala/practice/And.scala:44:1: expected class or object definition"})[0m
[0m[[0m[0mdebug[0m] [0m[0mjsonRpcNotify: JsonRpcNotificationMessage(2.0, build/logMessage, {"type":1,"message":"io.out2 := Cat(br8_11,io.out1) //6"})[0m
[0m[[0m[0mdebug[0m] [0m[0mjsonRpcNotify: JsonRpcNotificationMessage(2.0, build/logMessage, {"type":1,"message":"^"})[0m
[0m[[0m[0mdebug[0m] [0m[0mjsonRpcNotify: JsonRpcNotificationMessage(2.0, build/publishDiagnostics, {"textDocument":{"uri":"file:///home/phonerebelx/scala-chisel-learning-journey/src/main/scala/practice/And.scala"},"buildTarget":{"uri":"file:/home/phonerebelx/scala-chisel-learning-journey/#root/Compile"},"diagnostics":[{"range":{"start":{"line":44,"character":0},"end":{"line":44,"character":1}},"severity":1,"source":"sbt","message":"expected class or object definition"}],"reset":false})[0m
[0m[[0m[31merror[0m] [0m[0m/home/phonerebelx/scala-chisel-learning-journey/src/main/scala/practice/And.scala:45:1: expected class or object definition[0m
[0m[[0m[31merror[0m] [0m[0mio.out3 := Cat(br25_30,io.out2) //12[0m
[0m[[0m[31merror[0m] [0m[0m^[0m
[0m[[0m[0mdebug[0m] [0m[0mjsonRpcNotify: JsonRpcNotificationMessage(2.0, build/logMessage, {"type":1,"message":"/home/phonerebelx/scala-chisel-learning-journey/src/main/scala/practice/And.scala:45:1: expected class or object definition"})[0m
[0m[[0m[0mdebug[0m] [0m[0mjsonRpcNotify: JsonRpcNotificationMessage(2.0, build/logMessage, {"type":1,"message":"io.out3 := Cat(br25_30,io.out2) //12"})[0m
[0m[[0m[0mdebug[0m] [0m[0mjsonRpcNotify: JsonRpcNotificationMessage(2.0, build/logMessage, {"type":1,"message":"^"})[0m
[0m[[0m[0mdebug[0m] [0m[0mjsonRpcNotify: JsonRpcNotificationMessage(2.0, build/publishDiagnostics, {"textDocument":{"uri":"file:///home/phonerebelx/scala-chisel-learning-journey/src/main/scala/practice/And.scala"},"buildTarget":{"uri":"file:/home/phonerebelx/scala-chisel-learning-journey/#root/Compile"},"diagnostics":[{"range":{"start":{"line":45,"character":0},"end":{"line":45,"character":1}},"severity":1,"source":"sbt","message":"expected class or object definition"}],"reset":false})[0m
[0m[[0m[31merror[0m] [0m[0m/home/phonerebelx/scala-chisel-learning-journey/src/main/scala/practice/And.scala:46:1: expected class or object definition[0m
[0m[[0m[31merror[0m] [0m[0mio.out4 := Cat(br31,io.out3) //13[0m
[0m[[0m[31merror[0m] [0m[0m^[0m
[0m[[0m[0mdebug[0m] [0m[0mjsonRpcNotify: JsonRpcNotificationMessage(2.0, build/logMessage, {"type":1,"message":"/home/phonerebelx/scala-chisel-learning-journey/src/main/scala/practice/And.scala:46:1: expected class or object definition"})[0m
[0m[[0m[0mdebug[0m] [0m[0mjsonRpcNotify: JsonRpcNotificationMessage(2.0, build/logMessage, {"type":1,"message":"io.out4 := Cat(br31,io.out3) //13"})[0m
[0m[[0m[0mdebug[0m] [0m[0mjsonRpcNotify: JsonRpcNotificationMessage(2.0, build/logMessage, {"type":1,"message":"^"})[0m
[0m[[0m[0mdebug[0m] [0m[0mjsonRpcNotify: JsonRpcNotificationMessage(2.0, build/publishDiagnostics, {"textDocument":{"uri":"file:///home/phonerebelx/scala-chisel-learning-journey/src/main/scala/practice/And.scala"},"buildTarget":{"uri":"file:/home/phonerebelx/scala-chisel-learning-journey/#root/Compile"},"diagnostics":[{"range":{"start":{"line":48,"character":0},"end":{"line":48,"character":1}},"severity":1,"source":"sbt","message":"expected class or object definition"}],"reset":false})[0m
[0m[[0m[31merror[0m] [0m[0m/home/phonerebelx/scala-chisel-learning-journey/src/main/scala/practice/And.scala:49:1: expected class or object definition[0m
[0m[[0m[31merror[0m] [0m[0mwhen(br31 === 1.U){[0m
[0m[[0m[31merror[0m] [0m[0m^[0m
[0m[[0m[0mdebug[0m] [0m[0mjsonRpcNotify: JsonRpcNotificationMessage(2.0, build/logMessage, {"type":1,"message":"/home/phonerebelx/scala-chisel-learning-journey/src/main/scala/practice/And.scala:49:1: expected class or object definition"})[0m
[0m[[0m[0mdebug[0m] [0m[0mjsonRpcNotify: JsonRpcNotificationMessage(2.0, build/logMessage, {"type":1,"message":"when(br31 === 1.U){"})[0m
[0m[[0m[0mdebug[0m] [0m[0mjsonRpcNotify: JsonRpcNotificationMessage(2.0, build/logMessage, {"type":1,"message":"^"})[0m
[0m[[0m[0mdebug[0m] [0m[0mjsonRpcNotify: JsonRpcNotificationMessage(2.0, build/publishDiagnostics, {"textDocument":{"uri":"file:///home/phonerebelx/scala-chisel-learning-journey/src/main/scala/practice/And.scala"},"buildTarget":{"uri":"file:/home/phonerebelx/scala-chisel-learning-journey/#root/Compile"},"diagnostics":[{"range":{"start":{"line":56,"character":0},"end":{"line":56,"character":1}},"severity":1,"source":"sbt","message":"expected class or object definition"}],"reset":false})[0m
[0m[[0m[31merror[0m] [0m[0m/home/phonerebelx/scala-chisel-learning-journey/src/main/scala/practice/And.scala:57:1: expected class or object definition[0m
[0m[[0m[31merror[0m] [0m[0mio.out := io.branch[0m
[0m[[0m[31merror[0m] [0m[0m^[0m
[0m[[0m[0mdebug[0m] [0m[0mjsonRpcNotify: JsonRpcNotificationMessage(2.0, build/logMessage, {"type":1,"message":"/home/phonerebelx/scala-chisel-learning-journey/src/main/scala/practice/And.scala:57:1: expected class or object definition"})[0m
[0m[[0m[0mdebug[0m] [0m[0mjsonRpcNotify: JsonRpcNotificationMessage(2.0, build/logMessage, {"type":1,"message":"io.out := io.branch"})[0m
[0m[[0m[0mdebug[0m] [0m[0mjsonRpcNotify: JsonRpcNotificationMessage(2.0, build/logMessage, {"type":1,"message":"^"})[0m
[0m[[0m[0mdebug[0m] [0m[0mjsonRpcNotify: JsonRpcNotificationMessage(2.0, build/publishDiagnostics, {"textDocument":{"uri":"file:///home/phonerebelx/scala-chisel-learning-journey/src/main/scala/practice/And.scala"},"buildTarget":{"uri":"file:/home/phonerebelx/scala-chisel-learning-journey/#root/Compile"},"diagnostics":[{"range":{"start":{"line":57,"character":0},"end":{"line":57,"character":1}},"severity":1,"source":"sbt","message":"expected class or object definition"}],"reset":false})[0m
[0m[[0m[31merror[0m] [0m[0m/home/phonerebelx/scala-chisel-learning-journey/src/main/scala/practice/And.scala:58:1: expected class or object definition[0m
[0m[[0m[31merror[0m] [0m[0mswitch ( func ) {[0m
[0m[[0m[31merror[0m] [0m[0m^[0m
[0m[[0m[0mdebug[0m] [0m[0mjsonRpcNotify: JsonRpcNotificationMessage(2.0, build/logMessage, {"type":1,"message":"/home/phonerebelx/scala-chisel-learning-journey/src/main/scala/practice/And.scala:58:1: expected class or object definition"})[0m
[0m[[0m[0mdebug[0m] [0m[0mjsonRpcNotify: JsonRpcNotificationMessage(2.0, build/logMessage, {"type":1,"message":"switch ( func ) {"})[0m
[0m[[0m[0mdebug[0m] [0m[0mjsonRpcNotify: JsonRpcNotificationMessage(2.0, build/logMessage, {"type":1,"message":"^"})[0m
[0m[[0m[31merror[0m] [0m[0m19 errors found[0m
[0m[[0m[0mdebug[0m] [0m[0mjsonRpcNotify: JsonRpcNotificationMessage(2.0, build/logMessage, {"type":1,"message":"19 errors found"})[0m
[0m[[0m[0mdebug[0m] [0m[0mjsonRpcNotify: JsonRpcNotificationMessage(2.0, build/publishDiagnostics, {"textDocument":{"uri":"file:///home/phonerebelx/scala-chisel-learning-journey/src/main/scala/gcd/DecoupledGCD.scala"},"buildTarget":{"uri":"file:/home/phonerebelx/scala-chisel-learning-journey/#root/Compile"},"diagnostics":[],"reset":true})[0m
[0m[[0m[0mdebug[0m] [0m[0mjsonRpcNotify: JsonRpcNotificationMessage(2.0, build/publishDiagnostics, {"textDocument":{"uri":"file:///home/phonerebelx/scala-chisel-learning-journey/src/main/scala/gcd/GCD.scala"},"buildTarget":{"uri":"file:/home/phonerebelx/scala-chisel-learning-journey/#root/Compile"},"diagnostics":[],"reset":true})[0m
[0m[[0m[0mdebug[0m] [0m[0mjsonRpcNotify: JsonRpcNotificationMessage(2.0, build/publishDiagnostics, {"textDocument":{"uri":"file:///home/phonerebelx/scala-chisel-learning-journey/src/main/scala/practice/And.scala"},"buildTarget":{"uri":"file:/home/phonerebelx/scala-chisel-learning-journey/#root/Compile"},"diagnostics":[{"range":{"start":{"line":28,"character":0},"end":{"line":28,"character":1}},"severity":1,"source":"sbt","message":"Missing closing brace `}' assumed here"},{"range":{"start":{"line":29,"character":0},"end":{"line":29,"character":1}},"severity":1,"source":"sbt","message":"expected class or object definition"},{"range":{"start":{"line":30,"character":0},"end":{"line":30,"character":1}},"severity":1,"source":"sbt","message":"expected class or object definition"},{"range":{"start":{"line":31,"character":0},"end":{"line":31,"character":1}},"severity":1,"source":"sbt","message":"expected class or object definition"},{"range":{"start":{"line":32,"character":0},"end":{"line":32,"character":1}},"severity":1,"source":"sbt","message":"expected class or object definition"},{"range":{"start":{"line":33,"character":0},"end":{"line":33,"character":1}},"severity":1,"source":"sbt","message":"expected class or object definition"},{"range":{"start":{"line":34,"character":0},"end":{"line":34,"character":1}},"severity":1,"source":"sbt","message":"expected class or object definition"},{"range":{"start":{"line":35,"character":0},"end":{"line":35,"character":1}},"severity":1,"source":"sbt","message":"expected class or object definition"},{"range":{"start":{"line":36,"character":0},"end":{"line":36,"character":1}},"severity":1,"source":"sbt","message":"expected class or object definition"},{"range":{"start":{"line":37,"character":0},"end":{"line":37,"character":1}},"severity":1,"source":"sbt","message":"expected class or object definition"},{"range":{"start":{"line":38,"character":0},"end":{"line":38,"character":1}},"severity":1,"source":"sbt","message":"expected class or object definition"},{"range":{"start":{"line":39,"character":0},"end":{"line":39,"character":1}},"severity":1,"source":"sbt","message":"expected class or object definition"},{"range":{"start":{"line":42,"character":0},"end":{"line":42,"character":1}},"severity":1,"source":"sbt","message":"expected class or object definition"},{"range":{"start":{"line":43,"character":0},"end":{"line":43,"character":1}},"severity":1,"source":"sbt","message":"expected class or object definition"},{"range":{"start":{"line":44,"character":0},"end":{"line":44,"character":1}},"severity":1,"source":"sbt","message":"expected class or object definition"},{"range":{"start":{"line":45,"character":0},"end":{"line":45,"character":1}},"severity":1,"source":"sbt","message":"expected class or object definition"},{"range":{"start":{"line":48,"character":0},"end":{"line":48,"character":1}},"severity":1,"source":"sbt","message":"expected class or object definition"},{"range":{"start":{"line":56,"character":0},"end":{"line":56,"character":1}},"severity":1,"source":"sbt","message":"expected class or object definition"},{"range":{"start":{"line":57,"character":0},"end":{"line":57,"character":1}},"severity":1,"source":"sbt","message":"expected class or object definition"}],"reset":true})[0m
[0m[[0m[0mdebug[0m] [0m[0mjsonRpcNotify: JsonRpcNotificationMessage(2.0, build/taskFinish, {"taskId":{"id":"64","parents":[]},"eventTime":1635160049430,"message":"Compiled root","status":2,"dataKind":"compile-report","data":{"target":{"uri":"file:/home/phonerebelx/scala-chisel-learning-journey/#root/Compile"},"errors":19,"warnings":0,"time":2253}})[0m
[0m[[0m[31merror[0m] [0m[0m(Compile / [31mcompileIncremental[0m) Compilation failed[0m
[0m[[0m[0mdebug[0m] [0m[0mjsonRpcNotify: JsonRpcNotificationMessage(2.0, build/logMessage, {"type":1,"message":"(Compile / \u001b[31mcompileIncremental\u001b[0m) Compilation failed"})[0m
[0m[[0m[31merror[0m] [0m[0mTotal time: 3 s, completed Oct 25, 2021, 4:07:29 AM[0m
[0m[[0m[0mdebug[0m] [0m[0mjsonRpcNotify: JsonRpcNotificationMessage(2.0, build/logMessage, {"type":4,"message":"Done"})[0m
[0m[[0m[0mdebug[0m] [0m[0m> Exec(shell, None, None)[0m
[0m[[0m[0mdebug[0m] [0m[0mForcing garbage collection...[0m
