[0m[[0m[0mdebug[0m] [0m[0m> Exec(test, Some(19a21158-c387-4e0f-a47d-bc963e30503b), Some(CommandSource(console0)))[0m
[0m[[0m[0mdebug[0m] [0m[0mEvaluating tasks: Test / test[0m
[0m[[0m[0mdebug[0m] [0m[0mRunning task... Cancel: Signal, check cycles: false, forcegc: true[0m
[0m[[0m[0minfo[0m] [0m[0mcompiling 5 Scala sources to /home/phonerebelx/scala-chisel-learning-journey/target/scala-2.12/classes ...[0m
[0m[[0m[0minfo[0m] [0m[0mcompiling 5 Scala sources to /home/phonerebelx/scala-chisel-learning-journey/target/scala-2.12/test-classes ...[0m
[0m[[0m[0minfo[0m] [0m[0m[32mencodertest:[0m[0m
[0m[[0m[0minfo[0m] [0m[0m[32m- encode[0m[0m
[0m[[0m[0minfo[0m] [0m[0m[32mImmGentest:[0m[0m
[0m[[0m[0minfo[0m] [0m[0m[32m- Imm.Gen [0m[0m
[0m[[0m[0minfo[0m] [0m[0m[32mcounter_with_xor_test:[0m[0m
[0m[[0m[0minfo[0m] [0m[0m[32m- lab66[0m[0m
[0m[[0m[0minfo[0m] [0m[0m[32mGCDSpec:[0m[0m
[0m[[0m[0minfo[0m] [0m[0m[32m- Gcd should calculate proper greatest common denominator[0m[0m
[0m[[0m[0minfo[0m] [0m[0m[32mCountTest:[0m[0m
[0m[[0m[0minfo[0m] [0m[0m[32m- CounterTest test[0m[0m
[0m[[0m[0minfo[0m] [0m[0m[32mbranchtest:[0m[0m
[0m[[0m[0minfo[0m] [0m[0m[32m- ALU[0m[0m
[0m[[0m[0minfo[0m] [0m[0m[32mbitextendertest:[0m[0m
[0m[[0m[0minfo[0m] [0m[0m[32m- BitExtender[0m[0m
[0m[[0m[0minfo[0m] [0m[0m[32mgen_counterTest:[0m[0m
[0m[[0m[0minfo[0m] [0m[0m[32m- Ex 3[0m[0m
[0m[[0m[0minfo[0m] [0m[0m[32mTest_ALU:[0m[0m
[0m[[0m[0minfo[0m] [0m[0m[32m- ALU__Test[0m[0m
[0m[[0m[0minfo[0m] [0m[0m[32mshift_register_Test:[0m[0m
[0m[[0m[0minfo[0m] [0m[0m[32m- lab66[0m[0m
[0m[[0m[0minfo[0m] [0m[0m[32mshift_reg_with_parallel_load_Test:[0m[0m
[0m[[0m[0minfo[0m] [0m[0m[32m- lab66[0m[0m
[0m[[0m[0minfo[0m] [0m[0m[32mOperatortest:[0m[0m
[0m[[0m[0minfo[0m] [0m[0m[32m- Operator tEST[0m[0m
[0m[[0m[0minfo[0m] [0m[0m[32mALUtest:[0m[0m
[0m[[0m[0minfo[0m] [0m[0m[32m- ALU[0m[0m
[0m[[0m[0minfo[0m] [0m[0m[32mCountTest1:[0m[0m
[0m[[0m[0minfo[0m] [0m[0m[32m- CounterTest test[0m[0m
[0m[[0m[0minfo[0m] [0m[0m[32mup_down_counter_Test:[0m[0m
[0m[[0m[0minfo[0m] [0m[0m[32m- lab6task4[0m[0m
[0m[[0m[0minfo[0m] [0m[0m[32mBranchCtrltest:[0m[0m
[0m[[0m[0minfo[0m] [0m[0m[32m- Branching [0m[0m
[0m[[0m[0minfo[0m] [0m[0m[32mAlu_Paraa_Test:[0m[0m
[0m[[0m[0minfo[0m] [0m[0m[32m- ALUpara[0m[0m
[0m[[0m[0minfo[0m] [0m[0m[32mCounterTest:[0m[0m
[0m[[0m[0minfo[0m] [0m[0m[32m- lab6[0m[0m
[0m[[0m[0minfo[0m] [0m[0m[32mtestdecoder:[0m[0m
[0m[[0m[0minfo[0m] [0m[0m[32m- decode[0m[0m
[0m[[0m[0minfo[0m] [0m[0m[32mTest_Roxket_ALU:[0m[0m
[0m[[0m[0minfo[0m] [0m[0m[32m- ALUTest[0m[0m
[0m[[0m[0minfo[0m] [0m[0m[32mAdder_param_Test:[0m[0m
[0m[[0m[0minfo[0m] [0m[0m[32m- Adder_param[0m[0m
[0m[[0m[0minfo[0m] [0m[0m[32mCountTest2:[0m[0m
[0m[[0m[0minfo[0m] [0m[0m[32m- c ounter_up_down test[0m[0m
[0m[[0m[0minfo[0m] [0m[0m[32mMy_Queue_Test:[0m[0m
[0m[[0m[0minfo[0m] [0m[0m[32m- lab6task4[0m[0m
[0m[[0m[0minfo[0m] [0m[0m[32mMux_PAra_Test:[0m[0m
[0m[[0m[0minfo[0m] [0m[0m[32m- Muxpara[0m[0m
[0m[[0m[0minfo[0m] [0m[0m[32mRouter_Pack_Test:[0m[0m
[0m[[0m[0minfo[0m] [0m[0m[32m- Router_Parameter[0m[0m
[0m[[0m[0minfo[0m] [0m[0m[36mRun completed in 55 seconds, 802 milliseconds.[0m[0m
[0m[[0m[0minfo[0m] [0m[0m[36mTotal number of tests run: 25[0m[0m
[0m[[0m[0minfo[0m] [0m[0m[36mSuites: completed 25, aborted 0[0m[0m
[0m[[0m[0minfo[0m] [0m[0m[36mTests: succeeded 25, failed 0, canceled 0, ignored 0, pending 0[0m[0m
[0m[[0m[0minfo[0m] [0m[0m[32mAll tests passed.[0m[0m
[0m[[0m[32msuccess[0m] [0m[0mTotal time: 87 s (01:27), completed Nov 12, 2021, 9:51:11 AM[0m
[0m[[0m[0mdebug[0m] [0m[0m> Exec(shell, None, None)[0m
